<?xml version="1.0" encoding="UTF-8"?>
<testsuites>
	<testsuite>
		
			
				<testcase classname="src.pubsub" name="pubsub.js">
				</testcase>
			
		
			
				<testcase classname="test.buster" name="buster.js">
				</testcase>
			
		
			
				<testcase classname="test.helper" name="helper.js">
				</testcase>
			
		
			
				<testcase classname="test.test_bug_9" name="test-bug-9.js">
				</testcase>
			
		
			
				<testcase classname="test.test_clearSubscriptions" name="test-clearSubscriptions.js">
				</testcase>
			
		
			
				<testcase classname="test.test_hierarchical_addressing" name="test-hierarchical-addressing.js">
				</testcase>
			
		
			
				<testcase classname="test.test_issue_54" name="test-issue-54.js">
				</testcase>
			
		
			
				<testcase classname="test.test_jquery_integration" name="test-jquery-integration.js">
				</testcase>
			
		
			
				<testcase classname="test.test_publish" name="test-publish.js">
				</testcase>
			
		
			
				<testcase classname="test.test_subscribe" name="test-subscribe.js">
				</testcase>
			
		
			
				<testcase classname="test.test_unsubscribe" name="test-unsubscribe.js">
				</testcase>
			
		
	</testsuite>
</testsuites>